<?xml version="1.0" encoding="UTF-8"?>
<!-- Generated by org.testng.reporters.JUnitReportReporter -->
<testsuite hostname="LAPTOP-N2JJR6VQ" failures="0" tests="1" name="com.es.testcases.TC_LinkTest_01" time="4.094" errors="0" timestamp="2024-07-04T17:28:33 IST" skipped="0">
  <testcase classname="com.es.testcases.TC_LinkTest_01" name="linkTest" time="4.094"/>
</testsuite> <!-- com.es.testcases.TC_LinkTest_01 -->
