<?xml version="1.0" encoding="UTF-8"?>
<!-- Generated by org.testng.reporters.JUnitReportReporter -->
<testsuite hostname="LAPTOP-N2JJR6VQ" failures="0" tests="3" name="com.es.testcases.TC_ValidateMainElement_05" time="4.306" errors="0" timestamp="2024-07-05T15:07:17 IST" skipped="0">
  <testcase classname="com.es.testcases.TC_ValidateMainElement_05" name="test1" time="4.138"/>
  <testcase classname="com.es.testcases.TC_ValidateMainElement_05" name="test2" time="0.151"/>
  <testcase classname="com.es.testcases.TC_ValidateMainElement_05" name="test3" time="0.017"/>
</testsuite> <!-- com.es.testcases.TC_ValidateMainElement_05 -->
