<?xml version="1.0" encoding="UTF-8"?>
<!-- Generated by org.testng.reporters.JUnitReportReporter -->
<testsuite hostname="LAPTOP-N2JJR6VQ" failures="0" tests="3" name="com.es.testcases.TC_LinkVerification_04" time="6.056" errors="0" timestamp="2024-07-05T13:11:02 IST" skipped="0">
  <testcase classname="com.es.testcases.TC_LinkVerification_04" name="test1" time="4.915"/>
  <testcase classname="com.es.testcases.TC_LinkVerification_04" name="test2" time="0.109"/>
  <testcase classname="com.es.testcases.TC_LinkVerification_04" name="test3" time="1.032"/>
</testsuite> <!-- com.es.testcases.TC_LinkVerification_04 -->
