<?xml version="1.0" encoding="UTF-8"?>
<!-- Generated by org.testng.reporters.JUnitReportReporter -->
<testsuite hostname="LAPTOP-N2JJR6VQ" failures="0" tests="3" name="com.es.testcases.TC_LogInTest_03" time="7.158" errors="0" timestamp="2024-07-05T12:02:34 IST" skipped="0">
  <testcase classname="com.es.testcases.TC_LogInTest_03" name="test1" time="4.345"/>
  <testcase classname="com.es.testcases.TC_LogInTest_03" name="test2" time="2.677"/>
  <testcase classname="com.es.testcases.TC_LogInTest_03" name="test3" time="0.136"/>
</testsuite> <!-- com.es.testcases.TC_LogInTest_03 -->
